<?xml version="1.0" encoding="UTF-8"?>
<testsuites>
  <testsuite name="Performance Tests on iPhone 8 (Regular 3G) from London, United Kingdom using default strain." timestamp="2019-03-22T16:43:03Z" tests="33" failures="0" errors="0" skipped="31">
    <testcase classname="https://www.project-helix.io/" name="Lighthouse SEO Score">
      <skipped/>
    </testcase>
    <testcase classname="https://www.project-helix.io/" name="Lighthouse Best Practices Score">
      <skipped/>
    </testcase>
    <testcase classname="https://www.project-helix.io/" name="Lighthouse Accessibility Score">
      <system-out>
        <![CDATA[Score lighthouse-accessibility-score of 99 meets lower bound of 80]]>
      </system-out>
    </testcase>
    <testcase classname="https://www.project-helix.io/" name="Lighthouse Performance Score">
      <system-out>
        <![CDATA[Score lighthouse-performance-score of 99 meets lower bound of 80]]>
      </system-out>
    </testcase>
    <testcase classname="https://www.project-helix.io/" name="Lighthouse Progressive Web App Score">
      <skipped/>
    </testcase>
    <testcase classname="https://www.project-helix.io/" name="JS Parse &amp; Compile" time="0">
      <skipped/>
    </testcase>
    <testcase classname="https://www.project-helix.io/" name="DOM Element Count">
      <skipped/>
    </testcase>
    <testcase classname="https://www.project-helix.io/" name="85% Visually Complete" time="3.793">
      <skipped/>
    </testcase>
    <testcase classname="https://www.project-helix.io/" name="Visually Complete" time="21.859">
      <skipped/>
    </testcase>
    <testcase classname="https://www.project-helix.io/" name="Time to Interactive" time="2.106">
      <skipped/>
    </testcase>
    <testcase classname="https://www.project-helix.io/" name="First CPU Idle" time="3.798">
      <skipped/>
    </testcase>
    <testcase classname="https://www.project-helix.io/" name="Time to First Byte" time="0.309">
      <skipped/>
    </testcase>
    <testcase classname="https://www.project-helix.io/" name="Estimated input latency" time="0.016">
      <skipped/>
    </testcase>
    <testcase classname="https://www.project-helix.io/" name="Speed Index">
      <skipped/>
    </testcase>
    <testcase classname="https://www.project-helix.io/" name="First Meaningful Paint" time="3.798">
      <skipped/>
    </testcase>
    <testcase classname="https://www.project-helix.io/" name="First Contentful Paint" time="2.106">
      <skipped/>
    </testcase>
    <testcase classname="https://www.project-helix.io/" name="First Paint" time="2.106">
      <skipped/>
    </testcase>
    <testcase classname="https://www.project-helix.io/" name="Total Image size in bytes">
      <skipped/>
    </testcase>
    <testcase classname="https://www.project-helix.io/" name="Total Image transferred">
      <skipped/>
    </testcase>
    <testcase classname="https://www.project-helix.io/" name="Total Webfont size in bytes">
      <skipped/>
    </testcase>
    <testcase classname="https://www.project-helix.io/" name="Total Webfont transferred">
      <skipped/>
    </testcase>
    <testcase classname="https://www.project-helix.io/" name="Total JavaScript size in bytes">
      <skipped/>
    </testcase>
    <testcase classname="https://www.project-helix.io/" name="Total JavaScript Transferred">
      <skipped/>
    </testcase>
    <testcase classname="https://www.project-helix.io/" name="Total CSS size in bytes">
      <skipped/>
    </testcase>
    <testcase classname="https://www.project-helix.io/" name="Total CSS transferred">
      <skipped/>
    </testcase>
    <testcase classname="https://www.project-helix.io/" name="Total HTML size in bytes">
      <skipped/>
    </testcase>
    <testcase classname="https://www.project-helix.io/" name="Total HTML transferred">
      <skipped/>
    </testcase>
    <testcase classname="https://www.project-helix.io/" name="Response time" time="0.539">
      <skipped/>
    </testcase>
    <testcase classname="https://www.project-helix.io/" name="Total Page transferred">
      <skipped/>
    </testcase>
    <testcase classname="https://www.project-helix.io/" name="Total Page size in bytes">
      <skipped/>
    </testcase>
    <testcase classname="https://www.project-helix.io/" name="Number of requests">
      <skipped/>
    </testcase>
    <testcase classname="https://www.project-helix.io/" name="onLoad" time="1.839">
      <skipped/>
    </testcase>
    <testcase classname="https://www.project-helix.io/" name="onContentLoad" time="2.096">
      <skipped/>
    </testcase>
  </testsuite>
  <testsuite name="Performance Tests on iPhone 8 (Regular 3G) from London, United Kingdom using default strain." timestamp="2019-03-22T16:43:03Z" tests="34" failures="0" errors="0" skipped="32">
    <testcase classname="https://www.adobe.io/" name="Lighthouse SEO Score">
      <skipped/>
    </testcase>
    <testcase classname="https://www.adobe.io/" name="Lighthouse Best Practices Score">
      <skipped/>
    </testcase>
    <testcase classname="https://www.adobe.io/" name="Lighthouse Accessibility Score">
      <system-out>
        <![CDATA[Score lighthouse-accessibility-score of 99 meets lower bound of 80]]>
      </system-out>
    </testcase>
    <testcase classname="https://www.adobe.io/" name="Lighthouse Progressive Web App Score">
      <skipped/>
    </testcase>
    <testcase classname="https://www.adobe.io/" name="Lighthouse Performance Score">
      <system-out>
        <![CDATA[Score lighthouse-performance-score of 89 meets lower bound of 80]]>
      </system-out>
    </testcase>
    <testcase classname="https://www.adobe.io/" name="JS Parse &amp; Compile" time="0.269">
      <skipped/>
    </testcase>
    <testcase classname="https://www.adobe.io/" name="DOM Element Count">
      <skipped/>
    </testcase>
    <testcase classname="https://www.adobe.io/" name="85% Visually Complete" time="11.009">
      <skipped/>
    </testcase>
    <testcase classname="https://www.adobe.io/" name="Visually Complete" time="11.009">
      <skipped/>
    </testcase>
    <testcase classname="https://www.adobe.io/" name="First CPU Idle" time="7.203">
      <skipped/>
    </testcase>
    <testcase classname="https://www.adobe.io/" name="Time to First Byte" time="0.308">
      <skipped/>
    </testcase>
    <testcase classname="https://www.adobe.io/" name="Estimated input latency" time="0.016">
      <skipped/>
    </testcase>
    <testcase classname="https://www.adobe.io/" name="Speed Index">
      <skipped/>
    </testcase>
    <testcase classname="https://www.adobe.io/" name="First Meaningful Paint" time="6.482">
      <skipped/>
    </testcase>
    <testcase classname="https://www.adobe.io/" name="First Contentful Paint" time="6.482">
      <skipped/>
    </testcase>
    <testcase classname="https://www.adobe.io/" name="First Paint" time="6.482">
      <skipped/>
    </testcase>
    <testcase classname="https://www.adobe.io/" name="Total JSON size in bytes">
      <skipped/>
    </testcase>
    <testcase classname="https://www.adobe.io/" name="Total JSON transferred">
      <skipped/>
    </testcase>
    <testcase classname="https://www.adobe.io/" name="Total Image size in bytes">
      <skipped/>
    </testcase>
    <testcase classname="https://www.adobe.io/" name="Total Image transferred">
      <skipped/>
    </testcase>
    <testcase classname="https://www.adobe.io/" name="Total Webfont size in bytes">
      <skipped/>
    </testcase>
    <testcase classname="https://www.adobe.io/" name="Total Webfont transferred">
      <skipped/>
    </testcase>
    <testcase classname="https://www.adobe.io/" name="Total JavaScript size in bytes">
      <skipped/>
    </testcase>
    <testcase classname="https://www.adobe.io/" name="Total JavaScript Transferred">
      <skipped/>
    </testcase>
    <testcase classname="https://www.adobe.io/" name="Total CSS size in bytes">
      <skipped/>
    </testcase>
    <testcase classname="https://www.adobe.io/" name="Total CSS transferred">
      <skipped/>
    </testcase>
    <testcase classname="https://www.adobe.io/" name="Total HTML size in bytes">
      <skipped/>
    </testcase>
    <testcase classname="https://www.adobe.io/" name="Total HTML transferred">
      <skipped/>
    </testcase>
    <testcase classname="https://www.adobe.io/" name="Response time" time="0.836">
      <skipped/>
    </testcase>
    <testcase classname="https://www.adobe.io/" name="Total Page transferred">
      <skipped/>
    </testcase>
    <testcase classname="https://www.adobe.io/" name="Total Page size in bytes">
      <skipped/>
    </testcase>
    <testcase classname="https://www.adobe.io/" name="Number of requests">
      <skipped/>
    </testcase>
    <testcase classname="https://www.adobe.io/" name="onLoad" time="16.77">
      <skipped/>
    </testcase>
    <testcase classname="https://www.adobe.io/" name="onContentLoad" time="7.203">
      <skipped/>
    </testcase>
  </testsuite>
  <testsuite name="Performance Tests on iPhone 8 (Regular 3G) from North Virginia, USA using performance strain." timestamp="2019-03-22T16:43:02Z" tests="35" failures="0" errors="0" skipped="32">
    <testcase classname="https://www.adobe.com/" name="Lighthouse SEO Score">
      <skipped/>
    </testcase>
    <testcase classname="https://www.adobe.com/" name="Lighthouse Best Practices Score">
      <skipped/>
    </testcase>
    <testcase classname="https://www.adobe.com/" name="Lighthouse Accessibility Score">
      <system-out>
        <![CDATA[Score lighthouse-accessibility-score of 99 meets lower bound of 60]]>
      </system-out>
    </testcase>
    <testcase classname="https://www.adobe.com/" name="Lighthouse Performance Score">
      <system-out>
        <![CDATA[Score lighthouse-performance-score of 89 meets lower bound of 60]]>
      </system-out>
    </testcase>
    <testcase classname="https://www.adobe.com/" name="Lighthouse Progressive Web App Score">
      <skipped/>
    </testcase>
    <testcase classname="https://www.adobe.com/" name="JS Parse &amp; Compile" time="0.346">
      <skipped/>
    </testcase>
    <testcase classname="https://www.adobe.com/" name="DOM Element Count">
      <skipped/>
    </testcase>
    <testcase classname="https://www.adobe.com/" name="85% Visually Complete" time="12.017">
      <skipped/>
    </testcase>
    <testcase classname="https://www.adobe.com/" name="Visually Complete" time="23.434">
      <skipped/>
    </testcase>
    <testcase classname="https://www.adobe.com/" name="Time to Interactive" time="29.332">
      <skipped/>
    </testcase>
    <testcase classname="https://www.adobe.com/" name="First CPU Idle" time="21.216">
      <skipped/>
    </testcase>
    <testcase classname="https://www.adobe.com/" name="Time to First Byte" time="0.318">
      <skipped/>
    </testcase>
    <testcase classname="https://www.adobe.com/" name="Estimated input latency" time="0.016">
      <skipped/>
    </testcase>
    <testcase classname="https://www.adobe.com/" name="Speed Index">
      <skipped/>
    </testcase>
    <testcase classname="https://www.adobe.com/" name="First Meaningful Paint" time="12.003">
      <skipped/>
    </testcase>
    <testcase classname="https://www.adobe.com/" name="First Contentful Paint" time="12.003">
      <skipped/>
    </testcase>
    <testcase classname="https://www.adobe.com/" name="First Paint" time="12.003">
      <skipped/>
    </testcase>
    <testcase classname="https://www.adobe.com/" name="Total JSON size in bytes">
      <skipped/>
    </testcase>
    <testcase classname="https://www.adobe.com/" name="Total JSON transferred">
      <skipped/>
    </testcase>
    <testcase classname="https://www.adobe.com/" name="Total Image size in bytes">
      <skipped/>
    </testcase>
    <testcase classname="https://www.adobe.com/" name="Total Image transferred">
      <skipped/>
    </testcase>
    <testcase classname="https://www.adobe.com/" name="Total Webfont size in bytes">
      <skipped/>
    </testcase>
    <testcase classname="https://www.adobe.com/" name="Total Webfont transferred">
      <skipped/>
    </testcase>
    <testcase classname="https://www.adobe.com/" name="Total JavaScript size in bytes">
      <skipped/>
    </testcase>
    <testcase classname="https://www.adobe.com/" name="Total JavaScript Transferred">
      <skipped/>
    </testcase>
    <testcase classname="https://www.adobe.com/" name="Total CSS size in bytes">
      <skipped/>
    </testcase>
    <testcase classname="https://www.adobe.com/" name="Total CSS transferred">
      <skipped/>
    </testcase>
    <testcase classname="https://www.adobe.com/" name="Total HTML size in bytes">
      <skipped/>
    </testcase>
    <testcase classname="https://www.adobe.com/" name="Total HTML transferred">
      <skipped/>
    </testcase>
    <testcase classname="https://www.adobe.com/" name="Response time" time="0.519">
      <skipped/>
    </testcase>
    <testcase classname="https://www.adobe.com/" name="Total Page transferred">
      <skipped/>
    </testcase>
    <testcase classname="https://www.adobe.com/" name="Total Page size in bytes">
      <skipped/>
    </testcase>
    <testcase classname="https://www.adobe.com/" name="Number of requests">
      <skipped/>
    </testcase>
    <testcase classname="https://www.adobe.com/" name="onLoad" time="9.332">
      <system-out>
        <![CDATA[Metric onload of 9332 below limit of 30000]]>
      </system-out>
    </testcase>
    <testcase classname="https://www.adobe.com/" name="onContentLoad" time="21.216">
      <skipped/>
    </testcase>
  </testsuite>
  <testsuite name="Performance Tests on iPhone 8 (Regular 3G) from London, United Kingdom using performance strain." timestamp="2019-03-22T16:43:03Z" tests="34" failures="0" errors="0" skipped="31">
    <testcase classname="https://www.adobe.io/" name="Lighthouse SEO Score">
      <skipped/>
    </testcase>
    <testcase classname="https://www.adobe.io/" name="Lighthouse Best Practices Score">
      <skipped/>
    </testcase>
    <testcase classname="https://www.adobe.io/" name="Lighthouse Accessibility Score">
      <system-out>
        <![CDATA[Score lighthouse-accessibility-score of 99 meets lower bound of 60]]>
      </system-out>
    </testcase>
    <testcase classname="https://www.adobe.io/" name="Lighthouse Progressive Web App Score">
      <skipped/>
    </testcase>
    <testcase classname="https://www.adobe.io/" name="Lighthouse Performance Score">
      <system-out>
        <![CDATA[Score lighthouse-performance-score of 89 meets lower bound of 60]]>
      </system-out>
    </testcase>
    <testcase classname="https://www.adobe.io/" name="JS Parse &amp; Compile" time="0.269">
      <skipped/>
    </testcase>
    <testcase classname="https://www.adobe.io/" name="DOM Element Count">
      <skipped/>
    </testcase>
    <testcase classname="https://www.adobe.io/" name="85% Visually Complete" time="11.009">
      <skipped/>
    </testcase>
    <testcase classname="https://www.adobe.io/" name="Visually Complete" time="11.009">
      <skipped/>
    </testcase>
    <testcase classname="https://www.adobe.io/" name="First CPU Idle" time="7.203">
      <skipped/>
    </testcase>
    <testcase classname="https://www.adobe.io/" name="Time to First Byte" time="0.308">
      <skipped/>
    </testcase>
    <testcase classname="https://www.adobe.io/" name="Estimated input latency" time="0.016">
      <skipped/>
    </testcase>
    <testcase classname="https://www.adobe.io/" name="Speed Index">
      <skipped/>
    </testcase>
    <testcase classname="https://www.adobe.io/" name="First Meaningful Paint" time="6.482">
      <skipped/>
    </testcase>
    <testcase classname="https://www.adobe.io/" name="First Contentful Paint" time="6.482">
      <skipped/>
    </testcase>
    <testcase classname="https://www.adobe.io/" name="First Paint" time="6.482">
      <skipped/>
    </testcase>
    <testcase classname="https://www.adobe.io/" name="Total JSON size in bytes">
      <skipped/>
    </testcase>
    <testcase classname="https://www.adobe.io/" name="Total JSON transferred">
      <skipped/>
    </testcase>
    <testcase classname="https://www.adobe.io/" name="Total Image size in bytes">
      <skipped/>
    </testcase>
    <testcase classname="https://www.adobe.io/" name="Total Image transferred">
      <skipped/>
    </testcase>
    <testcase classname="https://www.adobe.io/" name="Total Webfont size in bytes">
      <skipped/>
    </testcase>
    <testcase classname="https://www.adobe.io/" name="Total Webfont transferred">
      <skipped/>
    </testcase>
    <testcase classname="https://www.adobe.io/" name="Total JavaScript size in bytes">
      <skipped/>
    </testcase>
    <testcase classname="https://www.adobe.io/" name="Total JavaScript Transferred">
      <skipped/>
    </testcase>
    <testcase classname="https://www.adobe.io/" name="Total CSS size in bytes">
      <skipped/>
    </testcase>
    <testcase classname="https://www.adobe.io/" name="Total CSS transferred">
      <skipped/>
    </testcase>
    <testcase classname="https://www.adobe.io/" name="Total HTML size in bytes">
      <skipped/>
    </testcase>
    <testcase classname="https://www.adobe.io/" name="Total HTML transferred">
      <skipped/>
    </testcase>
    <testcase classname="https://www.adobe.io/" name="Response time" time="0.836">
      <skipped/>
    </testcase>
    <testcase classname="https://www.adobe.io/" name="Total Page transferred">
      <skipped/>
    </testcase>
    <testcase classname="https://www.adobe.io/" name="Total Page size in bytes">
      <skipped/>
    </testcase>
    <testcase classname="https://www.adobe.io/" name="Number of requests">
      <skipped/>
    </testcase>
    <testcase classname="https://www.adobe.io/" name="onLoad" time="16.77">
      <system-out>
        <![CDATA[Metric onload of 16770 below limit of 30000]]>
      </system-out>
    </testcase>
    <testcase classname="https://www.adobe.io/" name="onContentLoad" time="7.203">
      <skipped/>
    </testcase>
  </testsuite>
</testsuites>